<?xml version="1.0" encoding="UTF-8"?>
<testsuite name="com.enyoi.arkana.ventas.VentasApplicationTests" tests="1" skipped="0" failures="0" errors="0" timestamp="2025-10-08T04:37:58.858Z" hostname="KATHY_HERNANDEZ" time="0.6">
  <properties/>
  <testcase name="contextLoads()" classname="com.enyoi.arkana.ventas.VentasApplicationTests" time="0.6"/>
  <system-out><![CDATA[22:37:56.534 [Test worker] INFO org.springframework.test.context.support.AnnotationConfigContextLoaderUtils -- Could not detect default configuration classes for test class [com.enyoi.arkana.ventas.VentasApplicationTests]: VentasApplicationTests does not declare any static, non-private, non-final, nested classes annotated with @Configuration.
22:37:56.668 [Test worker] INFO org.springframework.boot.test.context.SpringBootTestContextBootstrapper -- Found @SpringBootConfiguration com.enyoi.arkana.ventas.VentasApplication for test class com.enyoi.arkana.ventas.VentasApplicationTests

  .   ____          _            __ _ _
 /\\ / ___'_ __ _ _(_)_ __  __ _ \ \ \ \
( ( )\___ | '_ | '_| | '_ \/ _` | \ \ \ \
 \\/  ___)| |_)| | | | | || (_| |  ) ) ) )
  '  |____| .__|_| |_|_| |_\__, | / / / /
 =========|_|==============|___/=/_/_/_/

 :: Spring Boot ::                (v3.5.6)

2025-10-07T22:37:57.126-06:00  INFO 32512 --- [ventas] [    Test worker] c.e.a.ventas.VentasApplicationTests      : Starting VentasApplicationTests using Java 17.0.14 with PID 32512 (started by Kathy in C:\Users\Kathy\Downloads\ventas)
2025-10-07T22:37:57.129-06:00  INFO 32512 --- [ventas] [    Test worker] c.e.a.ventas.VentasApplicationTests      : No active profile set, falling back to 1 default profile: "default"
2025-10-07T22:37:57.637-06:00  INFO 32512 --- [ventas] [    Test worker] .s.d.r.c.RepositoryConfigurationDelegate : Bootstrapping Spring Data Reactive MongoDB repositories in DEFAULT mode.
2025-10-07T22:37:57.658-06:00  INFO 32512 --- [ventas] [    Test worker] .s.d.r.c.RepositoryConfigurationDelegate : Finished Spring Data repository scanning in 14 ms. Found 0 Reactive MongoDB repository interfaces.
2025-10-07T22:37:58.564-06:00  INFO 32512 --- [ventas] [    Test worker] org.mongodb.driver.client                : MongoClient with metadata {"driver": {"name": "mongo-java-driver|reactive-streams|spring-boot", "version": "5.5.1"}, "os": {"type": "Windows", "name": "Windows 11", "architecture": "amd64", "version": "10.0"}, "platform": "Java/Oracle Corporation/17.0.14+8-LTS-191"} created with settings MongoClientSettings{readPreference=primary, writeConcern=WriteConcern{w=null, wTimeout=null ms, journal=null}, retryWrites=true, retryReads=true, readConcern=ReadConcern{level=null}, credential=null, transportSettings=NettyTransportSettings{eventLoopGroup=io.netty.channel.nio.NioEventLoopGroup@2e362407, socketChannelClass=null, allocator=null, sslContext=null}, commandListeners=[], codecRegistry=ProvidersCodecRegistry{codecProviders=[ValueCodecProvider{}, BsonValueCodecProvider{}, DBRefCodecProvider{}, DBObjectCodecProvider{}, DocumentCodecProvider{}, CollectionCodecProvider{}, IterableCodecProvider{}, MapCodecProvider{}, GeoJsonCodecProvider{}, GridFSFileCodecProvider{}, Jsr310CodecProvider{}, JsonObjectCodecProvider{}, BsonCodecProvider{}, EnumCodecProvider{}, com.mongodb.client.model.mql.ExpressionCodecProvider@388be5fd, com.mongodb.Jep395RecordCodecProvider@440ef8d, com.mongodb.KotlinCodecProvider@17fbfb02]}, loggerSettings=LoggerSettings{maxDocumentLength=1000}, clusterSettings={hosts=[localhost:27017], srvServiceName=mongodb, mode=SINGLE, requiredClusterType=UNKNOWN, requiredReplicaSetName='null', serverSelector='null', clusterListeners='[]', serverSelectionTimeout='30000 ms', localThreshold='15 ms'}, socketSettings=SocketSettings{connectTimeoutMS=10000, readTimeoutMS=0, receiveBufferSize=0, proxySettings=ProxySettings{host=null, port=null, username=null, password=null}}, heartbeatSocketSettings=SocketSettings{connectTimeoutMS=10000, readTimeoutMS=10000, receiveBufferSize=0, proxySettings=ProxySettings{host=null, port=null, username=null, password=null}}, connectionPoolSettings=ConnectionPoolSettings{maxSize=100, minSize=0, maxWaitTimeMS=120000, maxConnectionLifeTimeMS=0, maxConnectionIdleTimeMS=0, maintenanceInitialDelayMS=0, maintenanceFrequencyMS=60000, connectionPoolListeners=[], maxConnecting=2}, serverSettings=ServerSettings{heartbeatFrequencyMS=10000, minHeartbeatFrequencyMS=500, serverMonitoringMode=AUTO, serverListeners='[]', serverMonitorListeners='[]'}, sslSettings=SslSettings{enabled=false, invalidHostNameAllowed=false, context=null}, applicationName='null', compressorList=[], uuidRepresentation=JAVA_LEGACY, serverApi=null, autoEncryptionSettings=null, dnsClient=null, inetAddressResolver=null, contextProvider=null, timeoutMS=null}
2025-10-07T22:37:58.699-06:00  INFO 32512 --- [ventas] [localhost:27017] org.mongodb.driver.cluster               : Monitor thread successfully connected to server with description ServerDescription{address=localhost:27017, type=STANDALONE, cryptd=false, state=CONNECTED, ok=true, minWireVersion=0, maxWireVersion=25, maxDocumentSize=16777216, logicalSessionTimeoutMinutes=30, roundTripTimeNanos=73030700, minRoundTripTimeNanos=0}
2025-10-07T22:37:58.852-06:00  INFO 32512 --- [ventas] [    Test worker] c.e.a.ventas.VentasApplicationTests      : Started VentasApplicationTests in 1.997 seconds (process running for 3.153)
]]></system-out>
  <system-err><![CDATA[]]></system-err>
</testsuite>
